0	 (I)  Log subsystem started in elapsed time mode.
1219	 (i)  nvcuda.dll version 5000 is loaded
2859	 (i)  Temporary rendering context created
2859	 (I)  Getting OpenGL entry points and extension
2875	 (I)  
2875	 (i)  OpenGL rendering context information:
2875	 (i)  Renderer     : GeForce 210/PCIe/SSE2
2875	 (i)  Vendor       : NVIDIA Corporation
2875	 (i)  Version      : 3.3.0
2875	 (i)  GLSL version : 3.30 NVIDIA via Cg compiler
2875	 (I)  
3437	 (i)  Temporary rendering context destroyed
3515	 (I)  Getting OpenGL entry points and extension
3906	 (i)  Temporary rendering context created
3922	 (I)  Getting OpenGL entry points and extension
4469	 (i)  Temporary rendering context destroyed
4531	 (I)  Getting OpenGL entry points and extension
198609	 (i)  Temporary rendering context created
198609	 (I)  Getting OpenGL entry points and extension
199156	 (i)  Temporary rendering context destroyed
199234	 (I)  Getting OpenGL entry points and extension
205859	 (i)  Temporary rendering context created
205875	 (I)  Getting OpenGL entry points and extension
206422	 (i)  Temporary rendering context destroyed
206484	 (I)  Getting OpenGL entry points and extension
1126094	 (i)  Temporary rendering context created
1126094	 (I)  Getting OpenGL entry points and extension
1126625	 (i)  Temporary rendering context destroyed
1126703	 (I)  Getting OpenGL entry points and extension
1126875	 (i)  Temporary rendering context created
1126875	 (I)  Getting OpenGL entry points and extension
1127422	 (i)  Temporary rendering context destroyed
1127500	 (I)  Getting OpenGL entry points and extension
2197625	 (i)  Temporary rendering context created
2197625	 (I)  Getting OpenGL entry points and extension
2198172	 (i)  Temporary rendering context destroyed
2198250	 (I)  Getting OpenGL entry points and extension
2198609	 (i)  Temporary rendering context created
2198609	 (I)  Getting OpenGL entry points and extension
2199156	 (i)  Temporary rendering context destroyed
2199234	 (I)  Getting OpenGL entry points and extension
2507047	 (i)  Temporary rendering context created
2507047	 (I)  Getting OpenGL entry points and extension
2507594	 (i)  Temporary rendering context destroyed
2507656	 (I)  Getting OpenGL entry points and extension
2507828	 (i)  Temporary rendering context created
2507828	 (I)  Getting OpenGL entry points and extension
2508375	 (i)  Temporary rendering context destroyed
2508453	 (I)  Getting OpenGL entry points and extension
15057469	 (i)  Temporary rendering context created
15057484	 (I)  Getting OpenGL entry points and extension
15058031	 (i)  Temporary rendering context destroyed
15058109	 (I)  Getting OpenGL entry points and extension
15058484	 (i)  Temporary rendering context created
15058484	 (I)  Getting OpenGL entry points and extension
15059047	 (i)  Temporary rendering context destroyed
15059125	 (I)  Getting OpenGL entry points and extension
15281078	 (i)  Temporary rendering context created
15281078	 (I)  Getting OpenGL entry points and extension
15281625	 (i)  Temporary rendering context destroyed
15281703	 (I)  Getting OpenGL entry points and extension
15281875	 (i)  Temporary rendering context created
15281875	 (I)  Getting OpenGL entry points and extension
15282422	 (i)  Temporary rendering context destroyed
15282500	 (I)  Getting OpenGL entry points and extension
15964640	 (i)  Temporary rendering context created
15964640	 (I)  Getting OpenGL entry points and extension
15965187	 (i)  Temporary rendering context destroyed
15965250	 (I)  Getting OpenGL entry points and extension
15965625	 (i)  Temporary rendering context created
15965625	 (I)  Getting OpenGL entry points and extension
15966172	 (i)  Temporary rendering context destroyed
15966250	 (I)  Getting OpenGL entry points and extension
16851422	 (i)  Temporary rendering context created
16851422	 (I)  Getting OpenGL entry points and extension
16852125	 (i)  Temporary rendering context destroyed
16852203	 (I)  Getting OpenGL entry points and extension
16852437	 (i)  Temporary rendering context created
16852437	 (I)  Getting OpenGL entry points and extension
16853109	 (i)  Temporary rendering context destroyed
16853187	 (I)  Getting OpenGL entry points and extension
22238687	 (i)  Temporary rendering context created
22238687	 (I)  Getting OpenGL entry points and extension
22239234	 (i)  Temporary rendering context destroyed
22239312	 (I)  Getting OpenGL entry points and extension
22239719	 (i)  Temporary rendering context created
22239719	 (I)  Getting OpenGL entry points and extension
22240281	 (i)  Temporary rendering context destroyed
22240344	 (I)  Getting OpenGL entry points and extension
22375859	 (i)  Temporary rendering context created
22375859	 (I)  Getting OpenGL entry points and extension
22376406	 (i)  Temporary rendering context destroyed
22376469	 (I)  Getting OpenGL entry points and extension
22376640	 (i)  Temporary rendering context created
22376656	 (I)  Getting OpenGL entry points and extension
22377203	 (i)  Temporary rendering context destroyed
22377281	 (I)  Getting OpenGL entry points and extension
25528250	 (i)  Temporary rendering context created
25528250	 (I)  Getting OpenGL entry points and extension
25528828	 (i)  Temporary rendering context destroyed
25528906	 (I)  Getting OpenGL entry points and extension
25529281	 (i)  Temporary rendering context created
25529281	 (I)  Getting OpenGL entry points and extension
25529828	 (i)  Temporary rendering context destroyed
25530000	 (I)  Getting OpenGL entry points and extension
26219062	 (i)  Temporary rendering context created
26219062	 (I)  Getting OpenGL entry points and extension
26219609	 (i)  Temporary rendering context destroyed
26219687	 (I)  Getting OpenGL entry points and extension
26219859	 (i)  Temporary rendering context created
26219859	 (I)  Getting OpenGL entry points and extension
26220406	 (i)  Temporary rendering context destroyed
26220484	 (I)  Getting OpenGL entry points and extension
